{"numTotalTestSuites":5,"numPassedTestSuites":3,"numFailedTestSuites":2,"numPendingTestSuites":0,"numTotalTests":17,"numPassedTests":0,"numFailedTests":1,"numPendingTests":16,"numTodoTests":0,"snapshot":{"added":0,"failure":false,"filesAdded":0,"filesRemoved":0,"filesRemovedList":[],"filesUnmatched":0,"filesUpdated":0,"matched":0,"total":0,"unchecked":0,"uncheckedKeysByFile":[],"unmatched":0,"updated":0,"didUpdate":false},"startTime":1771589770632,"success":false,"testResults":[{"assertionResults":[{"ancestorTitles":["Replay Harness Execution Runner"],"fullName":"Replay Harness Execution Runner Scenario 1: Simple greeting without tool calls","status":"skipped","title":"Scenario 1: Simple greeting without tool calls","failureMessages":[],"meta":{}},{"ancestorTitles":["Replay Harness Execution Runner"],"fullName":"Replay Harness Execution Runner Scenario 2: Single Tool Call Execution (read_file)","status":"skipped","title":"Scenario 2: Single Tool Call Execution (read_file)","failureMessages":[],"meta":{}},{"ancestorTitles":["Replay Harness Execution Runner"],"fullName":"Replay Harness Execution Runner Scenario 3: Router Rate Limit (429) Resiliency","status":"skipped","title":"Scenario 3: Router Rate Limit (429) Resiliency","failureMessages":[],"meta":{}},{"ancestorTitles":["Replay Harness Execution Runner"],"fullName":"Replay Harness Execution Runner Scenario 4: Guardrail - Bounded Tool Loop Limit","status":"skipped","title":"Scenario 4: Guardrail - Bounded Tool Loop Limit","failureMessages":[],"meta":{}},{"ancestorTitles":["Replay Harness Execution Runner"],"fullName":"Replay Harness Execution Runner Scenario 5: Skill Execution Degradation","status":"skipped","title":"Scenario 5: Skill Execution Degradation","failureMessages":[],"meta":{}},{"ancestorTitles":["Replay Harness Execution Runner"],"fullName":"Replay Harness Execution Runner Scenario 6: Tool Policy Governance","status":"skipped","title":"Scenario 6: Tool Policy Governance","failureMessages":[],"meta":{}},{"ancestorTitles":["Delegation DAG Runtime"],"fullName":"Delegation DAG Runtime rejects graphs with missing dependencies","status":"skipped","title":"rejects graphs with missing dependencies","failureMessages":[],"meta":{}},{"ancestorTitles":["Delegation DAG Runtime"],"fullName":"Delegation DAG Runtime rejects cyclic delegation graphs","status":"skipped","title":"rejects cyclic delegation graphs","failureMessages":[],"meta":{}},{"ancestorTitles":["Delegation DAG Runtime"],"fullName":"Delegation DAG Runtime executes nodes in dependency order","status":"failed","title":"executes nodes in dependency order","duration":7.555100000000039,"failureMessages":["SqliteError: FOREIGN KEY constraint failed\n    at createOrchestrationJob (D:/vs code/TwinBot/src/services/db.ts:150:8)\n    at OrchestrationService.#createJob (D:/vs code/TwinBot/src/services/orchestration-service.ts:169:5)\n    at OrchestrationService.#buildGraph (D:/vs code/TwinBot/src/services/orchestration-service.ts:231:24)\n    at OrchestrationService.runDelegation (D:/vs code/TwinBot/src/services/orchestration-service.ts:132:24)\n    at D:/vs code/TwinBot/tests/harness/runner.spec.ts:309:38\n    at file:///D:/vs%20code/TwinBot/node_modules/@vitest/runner/dist/index.js:145:11\n    at file:///D:/vs%20code/TwinBot/node_modules/@vitest/runner/dist/index.js:915:26\n    at file:///D:/vs%20code/TwinBot/node_modules/@vitest/runner/dist/index.js:1243:20\n    at new Promise (<anonymous>)\n    at runWithTimeout (file:///D:/vs%20code/TwinBot/node_modules/@vitest/runner/dist/index.js:1209:10)"],"meta":{}},{"ancestorTitles":["Delegation DAG Runtime"],"fullName":"Delegation DAG Runtime cancels dependent nodes when an upstream node fails","status":"skipped","title":"cancels dependent nodes when an upstream node fails","failureMessages":[],"meta":{}},{"ancestorTitles":["Delegation DAG Runtime"],"fullName":"Delegation DAG Runtime retries within configured boundaries and succeeds on second attempt","status":"skipped","title":"retries within configured boundaries and succeeds on second attempt","failureMessages":[],"meta":{}}],"startTime":1771589771218,"endTime":1771589771225.5552,"status":"failed","message":"","name":"D:/vs code/TwinBot/tests/harness/runner.spec.ts"},{"assertionResults":[{"ancestorTitles":["PolicyEngine Evaluation"],"fullName":"PolicyEngine Evaluation allows unknown tools by default","status":"skipped","title":"allows unknown tools by default","failureMessages":[],"meta":{}},{"ancestorTitles":["PolicyEngine Evaluation"],"fullName":"PolicyEngine Evaluation blocks tools specified in global profile","status":"skipped","title":"blocks tools specified in global profile","failureMessages":[],"meta":{}},{"ancestorTitles":["PolicyEngine Evaluation"],"fullName":"PolicyEngine Evaluation evaluates wildcard rules properly","status":"skipped","title":"evaluates wildcard rules properly","failureMessages":[],"meta":{}},{"ancestorTitles":["PolicyEngine Evaluation"],"fullName":"PolicyEngine Evaluation prioritizes session overrides over global profile","status":"skipped","title":"prioritizes session overrides over global profile","failureMessages":[],"meta":{}},{"ancestorTitles":["PolicyEngine Evaluation"],"fullName":"PolicyEngine Evaluation falls back to global if session profile action is fallback","status":"skipped","title":"falls back to global if session profile action is fallback","failureMessages":[],"meta":{}},{"ancestorTitles":["PolicyEngine Evaluation"],"fullName":"PolicyEngine Evaluation invokes onDecision hook with correct parameters","status":"skipped","title":"invokes onDecision hook with correct parameters","failureMessages":[],"meta":{}}],"startTime":1771589770632,"endTime":1771589770632,"status":"passed","message":"","name":"D:/vs code/TwinBot/tests/policy/policy-engine.spec.ts"}]}
